CRITICAL - 2023-03-02 11:10:38 --> is_file() expects exactly 1 argument, 2 given
in APPPATH\Controllers\Pages.php on line 12.
 1 APPPATH\Controllers\Pages.php(12): is_file('ROOTPATH\\app', '/Views/pages/home.php')
 2 SYSTEMPATH\CodeIgniter.php(934): App\Controllers\Pages->view()
 3 SYSTEMPATH\CodeIgniter.php(499): CodeIgniter\CodeIgniter->runController(Object(App\Controllers\Pages))
 4 SYSTEMPATH\CodeIgniter.php(368): CodeIgniter\CodeIgniter->handleRequest(null, Object(Config\Cache), false)
 5 FCPATH\index.php(67): CodeIgniter\CodeIgniter->run()
CRITICAL - 2023-03-02 11:11:57 --> Class "CodeIgniter\BaseController" not found
in APPPATH\Controllers\Pages.php on line 6.
 1 SYSTEMPATH\Autoloader\Autoloader.php(312): include_once()
 2 SYSTEMPATH\Autoloader\Autoloader.php(289): CodeIgniter\Autoloader\Autoloader->includeFile('APPPATH\\Controllers\\Pages.php')
 3 SYSTEMPATH\Autoloader\Autoloader.php(267): CodeIgniter\Autoloader\Autoloader->loadInNamespace('App\\Controllers\\Pages')
 4 [internal function]: CodeIgniter\Autoloader\Autoloader->loadClass('App\\Controllers\\Pages')
 5 SYSTEMPATH\CodeIgniter.php(892): class_exists('\\App\\Controllers\\Pages', true)
 6 SYSTEMPATH\CodeIgniter.php(486): CodeIgniter\CodeIgniter->startController()
 7 SYSTEMPATH\CodeIgniter.php(368): CodeIgniter\CodeIgniter->handleRequest(null, Object(Config\Cache), false)
 8 FCPATH\index.php(67): CodeIgniter\CodeIgniter->run()
CRITICAL - 2023-03-02 11:12:40 --> is_file() expects exactly 1 argument, 2 given
in APPPATH\Controllers\Pages.php on line 11.
 1 APPPATH\Controllers\Pages.php(11): is_file('ROOTPATH\\app', '/Views/pages/home.php')
 2 SYSTEMPATH\CodeIgniter.php(934): App\Controllers\Pages->view()
 3 SYSTEMPATH\CodeIgniter.php(499): CodeIgniter\CodeIgniter->runController(Object(App\Controllers\Pages))
 4 SYSTEMPATH\CodeIgniter.php(368): CodeIgniter\CodeIgniter->handleRequest(null, Object(Config\Cache), false)
 5 FCPATH\index.php(67): CodeIgniter\CodeIgniter->run()
